\BOOKMARK [1][-]{section.1}{\376\377\230\171\166\356\200\314\146\157\116\016\170\024\172\166\141\017\116\111}{}% 1
\BOOKMARK [1][-]{section.2}{\376\377\145\160\133\127\142\020\120\317\224\376\215\357\116\016\000\040\000I\000S\000P\000\040\155\101\172\013\122\006\147\220}{}% 2
\BOOKMARK [1][-]{section.3}{\376\377\142\200\147\057\215\357\176\277\377\032\201\352\122\250\166\175\136\163\210\141\173\227\154\325\220\011\127\213}{}% 3
\BOOKMARK [2][-]{subsection.3.1}{\376\377\173\227\154\325\220\011\127\213\176\374\217\360}{section.3}% 4
\BOOKMARK [1][-]{section.4}{\376\377\150\070\137\303\173\227\154\325\123\237\164\006\377\032\160\160\136\246\116\026\165\114\152\041\127\213}{}% 5
\BOOKMARK [2][-]{subsection.4.1}{\376\377\123\237\162\110\160\160\136\246\116\026\165\114\173\227\154\325}{section.4}% 6
\BOOKMARK [2][-]{subsection.4.2}{\376\377\117\030\123\026\162\110\160\160\136\246\116\026\165\114\173\227\154\325}{section.4}% 7
\BOOKMARK [3][-]{subsubsection.4.2.1}{\376\377\150\070\137\303\145\071\217\333\140\035\215\357}{subsection.4.2}% 8
\BOOKMARK [3][-]{subsubsection.4.2.2}{\376\377\145\160\133\146\143\250\133\374}{subsection.4.2}% 9
\BOOKMARK [3][-]{subsubsection.4.2.3}{\376\377\117\030\123\026\162\110\150\070\137\303\116\343\170\001\133\236\163\260}{subsection.4.2}% 10
\BOOKMARK [1][-]{section.5}{\376\377\133\236\232\214\232\214\213\301\116\016\176\323\147\234\122\006\147\220}{}% 11
\BOOKMARK [2][-]{subsection.5.1}{\376\377\155\113\213\325\226\306\116\016\213\304\116\367\176\364\136\246}{section.5}% 12
\BOOKMARK [2][-]{subsection.5.2}{\376\377\127\072\146\157\116\000\377\032\117\030\123\026\162\110\201\352\220\002\136\224\226\115\176\247\200\375\122\233\232\214\213\301}{section.5}% 13
\BOOKMARK [2][-]{subsection.5.3}{\376\377\127\072\146\157\116\214\377\032\173\227\154\325\134\100\226\120\140\047\232\214\213\301\377\010\131\047\227\142\171\357\176\257\202\162\127\072\146\157\377\011}{section.5}% 14
\BOOKMARK [2][-]{subsection.5.4}{\376\377\127\072\146\157\116\011\377\032\136\070\211\304\202\162\137\151\116\060\133\314\127\072\146\157\232\214\213\301}{section.5}% 15
\BOOKMARK [3][-]{subsubsection.5.4.1}{\376\377\202\162\137\151\234\234\202\163\220\375\136\002\126\376}{subsection.5.4}% 16
\BOOKMARK [3][-]{subsubsection.5.4.2}{\376\377\140\000\145\347\134\017\210\127\126\376}{subsection.5.4}% 17
\BOOKMARK [3][-]{subsubsection.5.4.3}{\376\377\121\154\126\355\134\017\215\357\126\376}{subsection.5.4}% 18
\BOOKMARK [1][-]{section.6}{\376\377\000G\000U\000I\123\357\211\306\123\026\165\114\227\142\134\125\171\072}{}% 19
\BOOKMARK [2][-]{subsection.6.1}{\376\377\165\114\227\142\213\276\213\241\116\016\122\237\200\375\152\041\127\127}{section.6}% 20
\BOOKMARK [2][-]{subsection.6.2}{\376\377\165\114\227\142\142\052\126\376\116\016\144\315\117\134\155\101\172\013}{section.6}% 21
\BOOKMARK [2][-]{subsection.6.3}{\376\377\000G\000U\000I\000\040\150\070\137\303\117\030\122\277}{section.6}% 22
\BOOKMARK [1][-]{section.7}{\376\377\136\224\165\050\127\072\146\157\116\016\124\016\176\355\211\304\122\022}{}% 23
\BOOKMARK [1][-]{Item.18}{\376\377\226\104\137\125\377\032\133\214\145\164\000D\000e\000m\000o\116\343\170\001}{}% 24
